2023/08/27 12:24:21 [1;34m[I] [service.go:234] login to server success, get run id [ca09b47f727006b2], server udp port [0][0m
2023/08/27 12:24:21 [1;34m[I] [proxy_manager.go:144] [ca09b47f727006b2] proxy added: [ssh string lkasj][0m
2023/08/27 12:24:21 [1;33m[W] [control.go:151] [ssh] start error: proxy [ssh] already exists[0m
2023/08/27 12:24:21 [1;34m[I] [control.go:153] [string] start proxy success[0m
2023/08/27 12:24:21 [1;34m[I] [control.go:153] [lkasj] start proxy success[0m
2023/08/27 12:24:54 [1;33m[W] [control.go:151] [ssh] start error: proxy [ssh] already exists[0m
2023/08/27 12:25:27 [1;33m[W] [control.go:151] [ssh] start error: proxy [ssh] already exists[0m
2023/08/27 12:26:00 [1;33m[W] [control.go:151] [ssh] start error: proxy [ssh] already exists[0m
2023/08/27 12:26:33 [1;33m[W] [control.go:151] [ssh] start error: proxy [ssh] already exists[0m
2023/08/27 12:27:06 [1;33m[W] [control.go:151] [ssh] start error: proxy [ssh] already exists[0m
2023/08/27 12:27:39 [1;33m[W] [control.go:151] [ssh] start error: proxy [ssh] already exists[0m
2023/08/27 12:28:12 [1;33m[W] [control.go:151] [ssh] start error: proxy [ssh] already exists[0m
2023/08/27 12:28:45 [1;33m[W] [control.go:151] [ssh] start error: proxy [ssh] already exists[0m
2023/08/27 12:29:18 [1;33m[W] [control.go:151] [ssh] start error: proxy [ssh] already exists[0m
2023/08/27 12:29:51 [1;33m[W] [control.go:151] [ssh] start error: proxy [ssh] already exists[0m
2023/08/27 12:30:24 [1;33m[W] [control.go:151] [ssh] start error: proxy [ssh] already exists[0m
2023/08/27 12:30:57 [1;33m[W] [control.go:151] [ssh] start error: proxy [ssh] already exists[0m
2023/08/27 12:31:30 [1;33m[W] [control.go:151] [ssh] start error: proxy [ssh] already exists[0m
2023/08/27 12:32:03 [1;33m[W] [control.go:151] [ssh] start error: proxy [ssh] already exists[0m
2023/08/27 12:32:36 [1;33m[W] [control.go:151] [ssh] start error: proxy [ssh] already exists[0m
2023/08/27 12:33:09 [1;33m[W] [control.go:151] [ssh] start error: proxy [ssh] already exists[0m
2023/08/27 12:33:43 [1;33m[W] [control.go:151] [ssh] start error: proxy [ssh] already exists[0m
2023/08/27 12:34:15 [1;33m[W] [control.go:151] [ssh] start error: proxy [ssh] already exists[0m
2023/08/27 12:34:48 [1;33m[W] [control.go:151] [ssh] start error: proxy [ssh] already exists[0m
2023/08/27 12:35:21 [1;33m[W] [control.go:151] [ssh] start error: proxy [ssh] already exists[0m
2023/08/27 12:35:54 [1;33m[W] [control.go:151] [ssh] start error: proxy [ssh] already exists[0m
2023/08/27 12:36:27 [1;33m[W] [control.go:151] [ssh] start error: proxy [ssh] already exists[0m
2023/08/27 12:37:00 [1;33m[W] [control.go:151] [ssh] start error: proxy [ssh] already exists[0m
2023/08/27 12:37:33 [1;33m[W] [control.go:151] [ssh] start error: proxy [ssh] already exists[0m
2023/08/27 12:38:06 [1;33m[W] [control.go:151] [ssh] start error: proxy [ssh] already exists[0m
2023/08/27 12:38:39 [1;33m[W] [control.go:151] [ssh] start error: proxy [ssh] already exists[0m
2023/08/27 12:39:12 [1;33m[W] [control.go:151] [ssh] start error: proxy [ssh] already exists[0m
2023/08/27 12:39:45 [1;33m[W] [control.go:151] [ssh] start error: proxy [ssh] already exists[0m
2023/08/27 12:40:18 [1;33m[W] [control.go:151] [ssh] start error: proxy [ssh] already exists[0m
2023/08/27 12:40:51 [1;33m[W] [control.go:151] [ssh] start error: proxy [ssh] already exists[0m
2023/08/27 12:41:24 [1;33m[W] [control.go:151] [ssh] start error: proxy [ssh] already exists[0m
2023/08/27 12:41:57 [1;33m[W] [control.go:151] [ssh] start error: proxy [ssh] already exists[0m
2023/08/27 12:42:30 [1;33m[W] [control.go:151] [ssh] start error: proxy [ssh] already exists[0m
2023/08/27 12:43:03 [1;33m[W] [control.go:151] [ssh] start error: proxy [ssh] already exists[0m
2023/08/27 12:43:36 [1;33m[W] [control.go:151] [ssh] start error: proxy [ssh] already exists[0m
2023/08/27 12:44:09 [1;33m[W] [control.go:151] [ssh] start error: proxy [ssh] already exists[0m
2023/08/27 12:44:43 [1;33m[W] [control.go:151] [ssh] start error: proxy [ssh] already exists[0m
2023/08/27 12:45:15 [1;33m[W] [control.go:151] [ssh] start error: proxy [ssh] already exists[0m
2023/08/27 12:45:48 [1;33m[W] [control.go:151] [ssh] start error: proxy [ssh] already exists[0m
2023/08/27 12:46:21 [1;33m[W] [control.go:151] [ssh] start error: proxy [ssh] already exists[0m
2023/08/27 12:46:54 [1;33m[W] [control.go:151] [ssh] start error: proxy [ssh] already exists[0m
2023/08/27 12:47:28 [1;33m[W] [control.go:151] [ssh] start error: proxy [ssh] already exists[0m
2023/08/27 12:48:00 [1;33m[W] [control.go:151] [ssh] start error: proxy [ssh] already exists[0m
2023/08/27 12:48:33 [1;33m[W] [control.go:151] [ssh] start error: proxy [ssh] already exists[0m
2023/08/27 12:49:06 [1;33m[W] [control.go:151] [ssh] start error: proxy [ssh] already exists[0m
2023/08/27 12:49:39 [1;33m[W] [control.go:151] [ssh] start error: proxy [ssh] already exists[0m
2023/08/27 12:50:12 [1;33m[W] [control.go:151] [ssh] start error: proxy [ssh] already exists[0m
2023/08/27 12:50:46 [1;33m[W] [control.go:151] [ssh] start error: proxy [ssh] already exists[0m
2023/08/27 12:51:18 [1;33m[W] [control.go:151] [ssh] start error: proxy [ssh] already exists[0m
2023/08/27 12:51:51 [1;33m[W] [control.go:151] [ssh] start error: proxy [ssh] already exists[0m
2023/08/27 12:52:24 [1;33m[W] [control.go:151] [ssh] start error: proxy [ssh] already exists[0m
2023/08/27 12:52:57 [1;33m[W] [control.go:151] [ssh] start error: proxy [ssh] already exists[0m
2023/08/27 12:53:30 [1;33m[W] [control.go:151] [ssh] start error: proxy [ssh] already exists[0m
2023/08/27 12:54:03 [1;33m[W] [control.go:151] [ssh] start error: proxy [ssh] already exists[0m
2023/08/27 12:54:36 [1;33m[W] [control.go:151] [ssh] start error: proxy [ssh] already exists[0m
2023/08/27 12:55:09 [1;33m[W] [control.go:151] [ssh] start error: proxy [ssh] already exists[0m
2023/08/27 12:55:44 [1;33m[W] [control.go:151] [ssh] start error: proxy [ssh] already exists[0m
2023/08/27 12:56:15 [1;33m[W] [control.go:151] [ssh] start error: proxy [ssh] already exists[0m
2023/08/27 12:56:48 [1;33m[W] [control.go:151] [ssh] start error: proxy [ssh] already exists[0m
2023/08/27 12:57:21 [1;33m[W] [control.go:151] [ssh] start error: proxy [ssh] already exists[0m
2023/08/27 12:57:54 [1;33m[W] [control.go:151] [ssh] start error: proxy [ssh] already exists[0m
2023/08/27 12:58:27 [1;33m[W] [control.go:151] [ssh] start error: proxy [ssh] already exists[0m
2023/08/27 12:59:00 [1;33m[W] [control.go:151] [ssh] start error: proxy [ssh] already exists[0m
2023/08/27 12:59:33 [1;33m[W] [control.go:151] [ssh] start error: proxy [ssh] already exists[0m
2023/08/27 13:00:07 [1;33m[W] [control.go:151] [ssh] start error: proxy [ssh] already exists[0m
2023/08/27 13:00:41 [1;33m[W] [control.go:151] [ssh] start error: proxy [ssh] already exists[0m
2023/08/27 13:01:12 [1;33m[W] [control.go:151] [ssh] start error: proxy [ssh] already exists[0m
2023/08/27 13:01:45 [1;33m[W] [control.go:151] [ssh] start error: proxy [ssh] already exists[0m
2023/08/27 13:02:18 [1;33m[W] [control.go:151] [ssh] start error: proxy [ssh] already exists[0m
2023/08/27 13:02:54 [1;33m[W] [control.go:151] [ssh] start error: proxy [ssh] already exists[0m
2023/08/27 13:03:27 [1;33m[W] [control.go:151] [ssh] start error: proxy [ssh] already exists[0m
2023/08/27 13:04:00 [1;33m[W] [control.go:151] [ssh] start error: proxy [ssh] already exists[0m
2023/08/27 13:04:33 [1;33m[W] [control.go:151] [ssh] start error: proxy [ssh] already exists[0m
2023/08/27 13:05:06 [1;33m[W] [control.go:151] [ssh] start error: proxy [ssh] already exists[0m
2023/08/27 13:05:39 [1;33m[W] [control.go:151] [ssh] start error: proxy [ssh] already exists[0m
2023/08/27 13:06:12 [1;33m[W] [control.go:151] [ssh] start error: proxy [ssh] already exists[0m
2023/08/27 13:06:45 [1;33m[W] [control.go:151] [ssh] start error: proxy [ssh] already exists[0m
2023/08/27 13:07:18 [1;33m[W] [control.go:151] [ssh] start error: proxy [ssh] already exists[0m
2023/08/27 13:07:51 [1;33m[W] [control.go:151] [ssh] start error: proxy [ssh] already exists[0m
2023/08/27 13:08:24 [1;33m[W] [control.go:151] [ssh] start error: proxy [ssh] already exists[0m
2023/08/27 13:08:57 [1;33m[W] [control.go:151] [ssh] start error: proxy [ssh] already exists[0m
2023/08/27 13:09:30 [1;33m[W] [control.go:151] [ssh] start error: proxy [ssh] already exists[0m
2023/08/27 13:10:03 [1;33m[W] [control.go:151] [ssh] start error: proxy [ssh] already exists[0m
2023/08/27 13:10:36 [1;33m[W] [control.go:151] [ssh] start error: proxy [ssh] already exists[0m
2023/08/27 13:11:10 [1;33m[W] [control.go:151] [ssh] start error: proxy [ssh] already exists[0m
2023/08/27 13:11:43 [1;33m[W] [control.go:151] [ssh] start error: proxy [ssh] already exists[0m
2023/08/27 13:12:15 [1;33m[W] [control.go:151] [ssh] start error: proxy [ssh] already exists[0m
2023/08/27 13:12:51 [1;33m[W] [control.go:151] [ssh] start error: proxy [ssh] already exists[0m
2023/08/27 13:13:24 [1;33m[W] [control.go:151] [ssh] start error: proxy [ssh] already exists[0m
2023/08/27 13:13:58 [1;33m[W] [control.go:151] [ssh] start error: proxy [ssh] already exists[0m
2023/08/27 13:14:31 [1;33m[W] [control.go:151] [ssh] start error: proxy [ssh] already exists[0m
2023/08/27 13:15:04 [1;33m[W] [control.go:151] [ssh] start error: proxy [ssh] already exists[0m
2023/08/27 13:15:36 [1;33m[W] [control.go:151] [ssh] start error: proxy [ssh] already exists[0m
2023/08/27 13:16:09 [1;33m[W] [control.go:151] [ssh] start error: proxy [ssh] already exists[0m
2023/08/27 13:16:42 [1;33m[W] [control.go:151] [ssh] start error: proxy [ssh] already exists[0m
2023/08/27 13:17:15 [1;33m[W] [control.go:151] [ssh] start error: proxy [ssh] already exists[0m
2023/08/27 13:17:48 [1;33m[W] [control.go:151] [ssh] start error: proxy [ssh] already exists[0m
2023/08/27 13:18:21 [1;33m[W] [control.go:151] [ssh] start error: proxy [ssh] already exists[0m
2023/08/27 13:18:55 [1;33m[W] [control.go:151] [ssh] start error: proxy [ssh] already exists[0m
2023/08/27 13:19:27 [1;33m[W] [control.go:151] [ssh] start error: proxy [ssh] already exists[0m
2023/08/27 13:20:00 [1;33m[W] [control.go:151] [ssh] start error: proxy [ssh] already exists[0m
2023/08/27 13:20:33 [1;33m[W] [control.go:151] [ssh] start error: proxy [ssh] already exists[0m
2023/08/27 13:21:06 [1;33m[W] [control.go:151] [ssh] start error: proxy [ssh] already exists[0m
2023/08/27 13:21:39 [1;33m[W] [control.go:151] [ssh] start error: proxy [ssh] already exists[0m
2023/08/27 13:22:12 [1;33m[W] [control.go:151] [ssh] start error: proxy [ssh] already exists[0m
2023/08/27 13:22:45 [1;33m[W] [control.go:151] [ssh] start error: proxy [ssh] already exists[0m
2023/08/27 13:23:18 [1;33m[W] [control.go:151] [ssh] start error: proxy [ssh] already exists[0m
2023/08/27 13:23:51 [1;33m[W] [control.go:151] [ssh] start error: proxy [ssh] already exists[0m
2023/08/27 13:24:24 [1;33m[W] [control.go:151] [ssh] start error: proxy [ssh] already exists[0m
2023/08/27 13:24:57 [1;33m[W] [control.go:151] [ssh] start error: proxy [ssh] already exists[0m
2023/08/27 13:25:30 [1;33m[W] [control.go:151] [ssh] start error: proxy [ssh] already exists[0m
2023/08/27 13:26:03 [1;33m[W] [control.go:151] [ssh] start error: proxy [ssh] already exists[0m
2023/08/27 13:26:36 [1;33m[W] [control.go:151] [ssh] start error: proxy [ssh] already exists[0m
2023/08/27 13:27:09 [1;33m[W] [control.go:151] [ssh] start error: proxy [ssh] already exists[0m
2023/08/27 13:27:43 [1;33m[W] [control.go:151] [ssh] start error: proxy [ssh] already exists[0m
2023/08/27 13:28:15 [1;33m[W] [control.go:151] [ssh] start error: proxy [ssh] already exists[0m
2023/08/27 13:28:48 [1;33m[W] [control.go:151] [ssh] start error: proxy [ssh] already exists[0m
2023/08/27 13:29:22 [1;33m[W] [control.go:151] [ssh] start error: proxy [ssh] already exists[0m
2023/08/27 13:29:54 [1;33m[W] [control.go:151] [ssh] start error: proxy [ssh] already exists[0m
2023/08/27 13:30:27 [1;33m[W] [control.go:151] [ssh] start error: proxy [ssh] already exists[0m
2023/08/27 13:31:00 [1;33m[W] [control.go:151] [ssh] start error: proxy [ssh] already exists[0m
2023/08/27 13:31:33 [1;33m[W] [control.go:151] [ssh] start error: proxy [ssh] already exists[0m
2023/08/27 13:32:08 [1;33m[W] [control.go:151] [ssh] start error: proxy [ssh] already exists[0m
2023/08/27 13:32:40 [1;33m[W] [control.go:151] [ssh] start error: proxy [ssh] already exists[0m
2023/08/27 13:33:12 [1;33m[W] [control.go:151] [ssh] start error: proxy [ssh] already exists[0m
2023/08/27 13:33:45 [1;33m[W] [control.go:151] [ssh] start error: proxy [ssh] already exists[0m
2023/08/27 13:34:18 [1;33m[W] [control.go:151] [ssh] start error: proxy [ssh] already exists[0m
2023/08/27 13:34:51 [1;33m[W] [control.go:151] [ssh] start error: proxy [ssh] already exists[0m
2023/08/27 13:35:24 [1;33m[W] [control.go:151] [ssh] start error: proxy [ssh] already exists[0m
2023/08/27 13:35:57 [1;33m[W] [control.go:151] [ssh] start error: proxy [ssh] already exists[0m
2023/08/27 13:36:30 [1;33m[W] [control.go:151] [ssh] start error: proxy [ssh] already exists[0m
2023/08/27 13:37:03 [1;33m[W] [control.go:151] [ssh] start error: proxy [ssh] already exists[0m
2023/08/27 13:37:37 [1;33m[W] [control.go:151] [ssh] start error: proxy [ssh] already exists[0m
2023/08/27 13:38:09 [1;33m[W] [control.go:151] [ssh] start error: proxy [ssh] already exists[0m
2023/08/27 13:38:42 [1;33m[W] [control.go:151] [ssh] start error: proxy [ssh] already exists[0m
2023/08/27 13:39:15 [1;33m[W] [control.go:151] [ssh] start error: proxy [ssh] already exists[0m
2023/08/27 13:39:48 [1;33m[W] [control.go:151] [ssh] start error: proxy [ssh] already exists[0m
2023/08/27 13:40:21 [1;33m[W] [control.go:151] [ssh] start error: proxy [ssh] already exists[0m
2023/08/27 13:40:54 [1;33m[W] [control.go:151] [ssh] start error: proxy [ssh] already exists[0m
2023/08/27 13:41:28 [1;33m[W] [control.go:151] [ssh] start error: proxy [ssh] already exists[0m
2023/08/27 13:42:00 [1;33m[W] [control.go:151] [ssh] start error: proxy [ssh] already exists[0m
2023/08/27 13:42:33 [1;33m[W] [control.go:151] [ssh] start error: proxy [ssh] already exists[0m
2023/08/27 13:43:06 [1;33m[W] [control.go:151] [ssh] start error: proxy [ssh] already exists[0m
2023/08/27 13:43:39 [1;33m[W] [control.go:151] [ssh] start error: proxy [ssh] already exists[0m
2023/08/27 13:44:12 [1;33m[W] [control.go:151] [ssh] start error: proxy [ssh] already exists[0m
2023/08/27 13:44:45 [1;33m[W] [control.go:151] [ssh] start error: proxy [ssh] already exists[0m
2023/08/27 13:45:18 [1;33m[W] [control.go:151] [ssh] start error: proxy [ssh] already exists[0m
2023/08/27 13:45:52 [1;33m[W] [control.go:151] [ssh] start error: proxy [ssh] already exists[0m
2023/08/27 13:46:24 [1;33m[W] [control.go:151] [ssh] start error: proxy [ssh] already exists[0m
2023/08/27 13:46:57 [1;33m[W] [control.go:151] [ssh] start error: proxy [ssh] already exists[0m
2023/08/27 13:47:30 [1;33m[W] [control.go:151] [ssh] start error: proxy [ssh] already exists[0m
2023/08/27 13:48:04 [1;33m[W] [control.go:151] [ssh] start error: proxy [ssh] already exists[0m
2023/08/27 13:48:36 [1;33m[W] [control.go:151] [ssh] start error: proxy [ssh] already exists[0m
2023/08/27 13:49:09 [1;33m[W] [control.go:151] [ssh] start error: proxy [ssh] already exists[0m
2023/08/27 13:49:42 [1;33m[W] [control.go:151] [ssh] start error: proxy [ssh] already exists[0m
2023/08/27 13:50:15 [1;33m[W] [control.go:151] [ssh] start error: proxy [ssh] already exists[0m
2023/08/27 13:50:49 [1;33m[W] [control.go:151] [ssh] start error: proxy [ssh] already exists[0m
2023/08/27 13:51:21 [1;33m[W] [control.go:151] [ssh] start error: proxy [ssh] already exists[0m
2023/08/27 13:51:54 [1;33m[W] [control.go:151] [ssh] start error: proxy [ssh] already exists[0m
2023/08/27 13:52:27 [1;33m[W] [control.go:151] [ssh] start error: proxy [ssh] already exists[0m
2023/08/27 13:53:00 [1;33m[W] [control.go:151] [ssh] start error: proxy [ssh] already exists[0m
2023/08/27 13:53:33 [1;33m[W] [control.go:151] [ssh] start error: proxy [ssh] already exists[0m
2023/08/27 13:54:06 [1;33m[W] [control.go:151] [ssh] start error: proxy [ssh] already exists[0m
2023/08/27 13:54:40 [1;33m[W] [control.go:151] [ssh] start error: proxy [ssh] already exists[0m
2023/08/27 13:55:12 [1;33m[W] [control.go:151] [ssh] start error: proxy [ssh] already exists[0m
2023/08/27 13:55:45 [1;33m[W] [control.go:151] [ssh] start error: proxy [ssh] already exists[0m
2023/08/27 13:56:18 [1;33m[W] [control.go:151] [ssh] start error: proxy [ssh] already exists[0m
2023/08/27 13:56:51 [1;33m[W] [control.go:151] [ssh] start error: proxy [ssh] already exists[0m
2023/08/27 13:57:24 [1;33m[W] [control.go:151] [ssh] start error: proxy [ssh] already exists[0m
2023/08/27 13:57:57 [1;33m[W] [control.go:151] [ssh] start error: proxy [ssh] already exists[0m
2023/08/27 13:58:30 [1;33m[W] [control.go:151] [ssh] start error: proxy [ssh] already exists[0m
2023/08/27 13:59:03 [1;33m[W] [control.go:151] [ssh] start error: proxy [ssh] already exists[0m
2023/08/27 13:59:36 [1;33m[W] [control.go:151] [ssh] start error: proxy [ssh] already exists[0m
2023/08/27 14:00:10 [1;33m[W] [control.go:151] [ssh] start error: proxy [ssh] already exists[0m
2023/08/27 14:00:43 [1;33m[W] [control.go:151] [ssh] start error: proxy [ssh] already exists[0m
2023/08/27 14:01:15 [1;33m[W] [control.go:151] [ssh] start error: proxy [ssh] already exists[0m
2023/08/27 14:01:48 [1;33m[W] [control.go:151] [ssh] start error: proxy [ssh] already exists[0m
2023/08/27 14:02:21 [1;33m[W] [control.go:151] [ssh] start error: proxy [ssh] already exists[0m
2023/08/27 14:02:54 [1;33m[W] [control.go:151] [ssh] start error: proxy [ssh] already exists[0m
2023/08/27 14:03:27 [1;33m[W] [control.go:151] [ssh] start error: proxy [ssh] already exists[0m
2023/08/27 14:04:00 [1;33m[W] [control.go:151] [ssh] start error: proxy [ssh] already exists[0m
2023/08/27 14:04:33 [1;33m[W] [control.go:151] [ssh] start error: proxy [ssh] already exists[0m
2023/08/27 14:05:06 [1;33m[W] [control.go:151] [ssh] start error: proxy [ssh] already exists[0m
2023/08/27 14:05:41 [1;33m[W] [control.go:151] [ssh] start error: proxy [ssh] already exists[0m
2023/08/27 14:06:12 [1;33m[W] [control.go:151] [ssh] start error: proxy [ssh] already exists[0m
2023/08/27 14:06:46 [1;33m[W] [control.go:151] [ssh] start error: proxy [ssh] already exists[0m
2023/08/27 14:07:19 [1;33m[W] [control.go:151] [ssh] start error: proxy [ssh] already exists[0m
2023/08/27 14:07:51 [1;33m[W] [control.go:151] [ssh] start error: proxy [ssh] already exists[0m
2023/08/27 14:08:24 [1;33m[W] [control.go:151] [ssh] start error: proxy [ssh] already exists[0m
2023/08/27 14:08:57 [1;33m[W] [control.go:151] [ssh] start error: proxy [ssh] already exists[0m
2023/08/27 14:09:30 [1;33m[W] [control.go:151] [ssh] start error: proxy [ssh] already exists[0m
2023/08/27 14:10:03 [1;33m[W] [control.go:151] [ssh] start error: proxy [ssh] already exists[0m
2023/08/27 14:10:36 [1;33m[W] [control.go:151] [ssh] start error: proxy [ssh] already exists[0m
2023/08/27 14:11:10 [1;33m[W] [control.go:151] [ssh] start error: proxy [ssh] already exists[0m
2023/08/27 14:11:42 [1;33m[W] [control.go:151] [ssh] start error: proxy [ssh] already exists[0m
2023/08/27 14:12:15 [1;33m[W] [control.go:151] [ssh] start error: proxy [ssh] already exists[0m
2023/08/27 14:12:48 [1;33m[W] [control.go:151] [ssh] start error: proxy [ssh] already exists[0m
2023/08/27 14:13:21 [1;33m[W] [control.go:151] [ssh] start error: proxy [ssh] already exists[0m
2023/08/27 14:13:54 [1;33m[W] [control.go:151] [ssh] start error: proxy [ssh] already exists[0m
2023/08/27 14:14:27 [1;33m[W] [control.go:151] [ssh] start error: proxy [ssh] already exists[0m
2023/08/27 14:15:01 [1;33m[W] [control.go:151] [ssh] start error: proxy [ssh] already exists[0m
2023/08/27 14:15:33 [1;33m[W] [control.go:151] [ssh] start error: proxy [ssh] already exists[0m
2023/08/27 14:16:06 [1;33m[W] [control.go:151] [ssh] start error: proxy [ssh] already exists[0m
2023/08/27 14:16:39 [1;33m[W] [control.go:151] [ssh] start error: proxy [ssh] already exists[0m
2023/08/27 14:17:12 [1;33m[W] [control.go:151] [ssh] start error: proxy [ssh] already exists[0m
2023/08/27 14:17:45 [1;33m[W] [control.go:151] [ssh] start error: proxy [ssh] already exists[0m
2023/08/27 14:18:18 [1;33m[W] [control.go:151] [ssh] start error: proxy [ssh] already exists[0m
2023/08/27 14:18:52 [1;33m[W] [control.go:151] [ssh] start error: proxy [ssh] already exists[0m
2023/08/27 14:19:24 [1;33m[W] [control.go:151] [ssh] start error: proxy [ssh] already exists[0m
2023/08/27 14:19:58 [1;33m[W] [control.go:151] [ssh] start error: proxy [ssh] already exists[0m
2023/08/27 14:20:30 [1;33m[W] [control.go:151] [ssh] start error: proxy [ssh] already exists[0m
2023/08/27 14:21:03 [1;33m[W] [control.go:151] [ssh] start error: proxy [ssh] already exists[0m
2023/08/27 14:21:38 [1;33m[W] [control.go:151] [ssh] start error: proxy [ssh] already exists[0m
2023/08/27 14:22:09 [1;33m[W] [control.go:151] [ssh] start error: proxy [ssh] already exists[0m
2023/08/27 14:22:42 [1;33m[W] [control.go:151] [ssh] start error: proxy [ssh] already exists[0m
2023/08/27 14:23:15 [1;33m[W] [control.go:151] [ssh] start error: proxy [ssh] already exists[0m
2023/08/27 14:23:48 [1;33m[W] [control.go:151] [ssh] start error: proxy [ssh] already exists[0m
2023/08/27 14:24:22 [1;33m[W] [control.go:151] [ssh] start error: proxy [ssh] already exists[0m
2023/08/27 14:24:54 [1;33m[W] [control.go:151] [ssh] start error: proxy [ssh] already exists[0m
2023/08/27 14:25:27 [1;33m[W] [control.go:151] [ssh] start error: proxy [ssh] already exists[0m
2023/08/27 14:26:00 [1;33m[W] [control.go:151] [ssh] start error: proxy [ssh] already exists[0m
2023/08/27 14:26:33 [1;33m[W] [control.go:151] [ssh] start error: proxy [ssh] already exists[0m
2023/08/27 14:27:06 [1;33m[W] [control.go:151] [ssh] start error: proxy [ssh] already exists[0m
2023/08/27 14:27:40 [1;33m[W] [control.go:151] [ssh] start error: proxy [ssh] already exists[0m
2023/08/27 14:28:12 [1;33m[W] [control.go:151] [ssh] start error: proxy [ssh] already exists[0m
2023/08/27 14:28:45 [1;33m[W] [control.go:151] [ssh] start error: proxy [ssh] already exists[0m
2023/08/27 14:29:18 [1;33m[W] [control.go:151] [ssh] start error: proxy [ssh] already exists[0m
2023/08/27 14:29:51 [1;33m[W] [control.go:151] [ssh] start error: proxy [ssh] already exists[0m
2023/08/27 14:30:24 [1;33m[W] [control.go:151] [ssh] start error: proxy [ssh] already exists[0m
2023/08/27 14:30:57 [1;33m[W] [control.go:151] [ssh] start error: proxy [ssh] already exists[0m
2023/08/27 14:31:30 [1;33m[W] [control.go:151] [ssh] start error: proxy [ssh] already exists[0m
2023/08/27 14:32:03 [1;33m[W] [control.go:151] [ssh] start error: proxy [ssh] already exists[0m
2023/08/27 14:32:37 [1;33m[W] [control.go:151] [ssh] start error: proxy [ssh] already exists[0m
2023/08/27 14:33:09 [1;33m[W] [control.go:151] [ssh] start error: proxy [ssh] already exists[0m
2023/08/27 14:33:42 [1;33m[W] [control.go:151] [ssh] start error: proxy [ssh] already exists[0m
2023/08/27 14:34:16 [1;33m[W] [control.go:151] [ssh] start error: proxy [ssh] already exists[0m
2023/08/27 14:34:48 [1;33m[W] [control.go:151] [ssh] start error: proxy [ssh] already exists[0m
2023/08/27 14:35:21 [1;33m[W] [control.go:151] [ssh] start error: proxy [ssh] already exists[0m
2023/08/27 14:35:56 [1;33m[W] [control.go:151] [ssh] start error: proxy [ssh] already exists[0m
2023/08/27 14:36:27 [1;33m[W] [control.go:151] [ssh] start error: proxy [ssh] already exists[0m
2023/08/27 14:37:00 [1;33m[W] [control.go:151] [ssh] start error: proxy [ssh] already exists[0m
2023/08/27 14:37:33 [1;33m[W] [control.go:151] [ssh] start error: proxy [ssh] already exists[0m
2023/08/27 14:38:06 [1;33m[W] [control.go:151] [ssh] start error: proxy [ssh] already exists[0m
2023/08/27 14:38:39 [1;33m[W] [control.go:151] [ssh] start error: proxy [ssh] already exists[0m
2023/08/27 14:39:12 [1;33m[W] [control.go:151] [ssh] start error: proxy [ssh] already exists[0m
2023/08/27 14:39:45 [1;33m[W] [control.go:151] [ssh] start error: proxy [ssh] already exists[0m
2023/08/27 14:40:18 [1;33m[W] [control.go:151] [ssh] start error: proxy [ssh] already exists[0m
2023/08/27 14:40:51 [1;33m[W] [control.go:151] [ssh] start error: proxy [ssh] already exists[0m
2023/08/27 14:41:24 [1;33m[W] [control.go:151] [ssh] start error: proxy [ssh] already exists[0m
2023/08/27 14:41:57 [1;33m[W] [control.go:151] [ssh] start error: proxy [ssh] already exists[0m
2023/08/27 14:42:30 [1;33m[W] [control.go:151] [ssh] start error: proxy [ssh] already exists[0m
2023/08/27 14:43:03 [1;33m[W] [control.go:151] [ssh] start error: proxy [ssh] already exists[0m
2023/08/27 14:43:36 [1;33m[W] [control.go:151] [ssh] start error: proxy [ssh] already exists[0m
2023/08/27 14:44:09 [1;33m[W] [control.go:151] [ssh] start error: proxy [ssh] already exists[0m
2023/08/27 14:44:42 [1;33m[W] [control.go:151] [ssh] start error: proxy [ssh] already exists[0m
2023/08/27 14:45:15 [1;33m[W] [control.go:151] [ssh] start error: proxy [ssh] already exists[0m
2023/08/27 14:45:49 [1;33m[W] [control.go:151] [ssh] start error: proxy [ssh] already exists[0m
2023/08/27 14:46:22 [1;33m[W] [control.go:151] [ssh] start error: proxy [ssh] already exists[0m
2023/08/27 14:46:54 [1;33m[W] [control.go:151] [ssh] start error: proxy [ssh] already exists[0m
2023/08/27 14:47:27 [1;33m[W] [control.go:151] [ssh] start error: proxy [ssh] already exists[0m
2023/08/27 14:48:00 [1;33m[W] [control.go:151] [ssh] start error: proxy [ssh] already exists[0m
2023/08/27 14:48:33 [1;33m[W] [control.go:151] [ssh] start error: proxy [ssh] already exists[0m
2023/08/27 14:49:06 [1;33m[W] [control.go:151] [ssh] start error: proxy [ssh] already exists[0m
2023/08/27 14:49:39 [1;33m[W] [control.go:151] [ssh] start error: proxy [ssh] already exists[0m
2023/08/27 14:50:13 [1;33m[W] [control.go:151] [ssh] start error: proxy [ssh] already exists[0m
2023/08/27 14:50:45 [1;33m[W] [control.go:151] [ssh] start error: proxy [ssh] already exists[0m
2023/08/27 14:51:18 [1;33m[W] [control.go:151] [ssh] start error: proxy [ssh] already exists[0m
2023/08/27 14:51:51 [1;33m[W] [control.go:151] [ssh] start error: proxy [ssh] already exists[0m
2023/08/27 14:52:24 [1;33m[W] [control.go:151] [ssh] start error: proxy [ssh] already exists[0m
2023/08/27 14:52:57 [1;33m[W] [control.go:151] [ssh] start error: proxy [ssh] already exists[0m
2023/08/27 14:53:30 [1;33m[W] [control.go:151] [ssh] start error: proxy [ssh] already exists[0m
2023/08/27 14:54:03 [1;33m[W] [control.go:151] [ssh] start error: proxy [ssh] already exists[0m
2023/08/27 14:54:37 [1;33m[W] [control.go:151] [ssh] start error: proxy [ssh] already exists[0m
2023/08/27 14:55:09 [1;33m[W] [control.go:151] [ssh] start error: proxy [ssh] already exists[0m
2023/08/27 14:55:42 [1;33m[W] [control.go:151] [ssh] start error: proxy [ssh] already exists[0m
2023/08/27 14:56:15 [1;33m[W] [control.go:151] [ssh] start error: proxy [ssh] already exists[0m
2023/08/27 14:56:48 [1;33m[W] [control.go:151] [ssh] start error: proxy [ssh] already exists[0m
2023/08/27 14:57:24 [1;33m[W] [control.go:151] [ssh] start error: proxy [ssh] already exists[0m
2023/08/27 14:57:54 [1;33m[W] [control.go:151] [ssh] start error: proxy [ssh] already exists[0m
2023/08/27 14:58:27 [1;33m[W] [control.go:151] [ssh] start error: proxy [ssh] already exists[0m
2023/08/27 14:59:01 [1;33m[W] [control.go:151] [ssh] start error: proxy [ssh] already exists[0m
2023/08/27 14:59:33 [1;33m[W] [control.go:151] [ssh] start error: proxy [ssh] already exists[0m
2023/08/27 15:00:06 [1;33m[W] [control.go:151] [ssh] start error: proxy [ssh] already exists[0m
2023/08/27 15:00:39 [1;33m[W] [control.go:151] [ssh] start error: proxy [ssh] already exists[0m
2023/08/27 15:01:12 [1;33m[W] [control.go:151] [ssh] start error: proxy [ssh] already exists[0m
2023/08/27 15:01:45 [1;33m[W] [control.go:151] [ssh] start error: proxy [ssh] already exists[0m
2023/08/27 15:02:18 [1;33m[W] [control.go:151] [ssh] start error: proxy [ssh] already exists[0m
2023/08/27 15:02:51 [1;33m[W] [control.go:151] [ssh] start error: proxy [ssh] already exists[0m
2023/08/27 15:03:24 [1;33m[W] [control.go:151] [ssh] start error: proxy [ssh] already exists[0m
2023/08/27 15:03:57 [1;33m[W] [control.go:151] [ssh] start error: proxy [ssh] already exists[0m
2023/08/27 15:04:30 [1;33m[W] [control.go:151] [ssh] start error: proxy [ssh] already exists[0m
2023/08/27 15:05:03 [1;33m[W] [control.go:151] [ssh] start error: proxy [ssh] already exists[0m
2023/08/27 15:05:36 [1;33m[W] [control.go:151] [ssh] start error: proxy [ssh] already exists[0m
2023/08/27 15:06:09 [1;33m[W] [control.go:151] [ssh] start error: proxy [ssh] already exists[0m
